2024-05-20 03:5424:__main__:DEBUG:16:debug message
2024-05-20 03:5424:__main__:INFO:17:info message
2024-05-20 03:5424:__main__:WARNING:18:warn message
2024-05-20 03:5424:__main__:ERROR:19:error message
2024-05-20 03:5424:__main__:CRITICAL:20:critical message
2024-05-20 04:0018:__main__:DEBUG:9:debug message
2024-05-20 04:0018:__main__:INFO:10:info message
2024-05-20 04:0018:__main__:WARNING:11:warn message
2024-05-20 04:0018:__main__:ERROR:12:error message
2024-05-20 04:0018:__main__:CRITICAL:13:critical message
2024-05-20 04:0135:__main__:DEBUG:16:debug message
2024-05-20 04:0135:__main__:INFO:17:info message
2024-05-20 04:0135:__main__:WARNING:18:warn message
2024-05-20 04:0135:__main__:ERROR:19:error message
2024-05-20 04:0135:__main__:CRITICAL:20:critical message
2024-05-20 04:0840:__main__:DEBUG:26:debug message
2024-05-20 04:0840:__main__:INFO:27:info message
2024-05-20 04:0840:__main__:WARNING:28:warn message
2024-05-20 04:0840:__main__:ERROR:29:error message
2024-05-20 04:0840:__main__:CRITICAL:30:critical message
2024-05-20 04:1054:__main__:DEBUG:26:debug message
2024-05-20 04:1054:__main__:INFO:27:info message
2024-05-20 04:1054:__main__:WARNING:28:warn message
2024-05-20 04:1054:__main__:ERROR:29:error message
2024-05-20 04:1054:__main__:CRITICAL:30:critical message
2024-05-20 04:1130:use_dict_config:DEBUG:26:debug message
2024-05-20 04:1130:use_dict_config:INFO:27:info message
2024-05-20 04:1130:use_dict_config:WARNING:28:warn message
2024-05-20 04:1130:use_dict_config:ERROR:29:error message
2024-05-20 04:1130:use_dict_config:CRITICAL:30:critical message
2024-05-20 04:1130:__main__:DEBUG:26:debug message
2024-05-20 04:1130:__main__:INFO:27:info message
2024-05-20 04:1130:__main__:WARNING:28:warn message
2024-05-20 04:1130:__main__:ERROR:29:error message
2024-05-20 04:1130:__main__:CRITICAL:30:critical message
2024-05-20 04:1305:use_dict_config:DEBUG:26:debug message
2024-05-20 04:1305:use_dict_config:INFO:27:info message
2024-05-20 04:1305:use_dict_config:WARNING:28:warn message
2024-05-20 04:1305:use_dict_config:ERROR:29:error message
2024-05-20 04:1305:use_dict_config:CRITICAL:30:critical message
2024-05-20 04:1305:__main__:DEBUG:26:debug message
2024-05-20 04:1305:__main__:INFO:27:info message
2024-05-20 04:1305:__main__:WARNING:28:warn message
2024-05-20 04:1305:__main__:ERROR:29:error message
2024-05-20 04:1305:__main__:CRITICAL:30:critical message
2024-05-20 04:1330:use_dict_config:DEBUG:26:debug message
2024-05-20 04:1330:use_dict_config:INFO:27:info message
2024-05-20 04:1330:use_dict_config:WARNING:28:warn message
2024-05-20 04:1330:use_dict_config:ERROR:29:error message
2024-05-20 04:1330:use_dict_config:CRITICAL:30:critical message
2024-05-20 04:1331:use_dict_config:DEBUG:26:debug message
2024-05-20 04:1331:use_dict_config:INFO:27:info message
2024-05-20 04:1331:use_dict_config:WARNING:28:warn message
2024-05-20 04:1331:use_dict_config:ERROR:29:error message
2024-05-20 04:1331:use_dict_config:CRITICAL:30:critical message
2024-05-20 04:1338:use_dict_config:DEBUG:26:debug message
2024-05-20 04:1338:use_dict_config:INFO:27:info message
2024-05-20 04:1338:use_dict_config:WARNING:28:warn message
2024-05-20 04:1338:use_dict_config:ERROR:29:error message
2024-05-20 04:1338:use_dict_config:CRITICAL:30:critical message
2024-05-20 04:1338:use_dict_config:DEBUG:26:debug message
2024-05-20 04:1338:use_dict_config:INFO:27:info message
2024-05-20 04:1338:use_dict_config:WARNING:28:warn message
2024-05-20 04:1338:use_dict_config:ERROR:29:error message
2024-05-20 04:1338:use_dict_config:CRITICAL:30:critical message
2024-05-20 04:1528:use_file_config:DEBUG:19:debug message
2024-05-20 04:1528:use_file_config:INFO:20:info message
2024-05-20 04:1528:use_file_config:WARNING:21:warn message
2024-05-20 04:1528:use_file_config:ERROR:22:error message
2024-05-20 04:1528:use_file_config:CRITICAL:23:critical message
2024-05-20 04:1553:use_file_config:DEBUG:19:debug message
2024-05-20 04:1553:use_file_config:INFO:20:info message
2024-05-20 04:1553:use_file_config:WARNING:21:warn message
2024-05-20 04:1553:use_file_config:ERROR:22:error message
2024-05-20 04:1553:use_file_config:CRITICAL:23:critical message
